  Cube.cpp
C:\Users\Nesli\OneDrive\Dokumenter\3D Prog\Compulsory_2\Compulsory2_3D\Cube.cpp(55,46): warning C4267: 'argument': conversion from 'size_t' to 'GLsizei', possible loss of data
  Main.cpp
C:\Users\Nesli\OneDrive\Dokumenter\3D Prog\Compulsory_2\Compulsory2_3D\Main.cpp(206,17): warning C4244: '=': conversion from 'double' to 'float', possible loss of data
C:\Users\Nesli\OneDrive\Dokumenter\3D Prog\Compulsory_2\Compulsory2_3D\Main.cpp(207,17): warning C4244: '=': conversion from 'double' to 'float', possible loss of data
C:\Users\Nesli\OneDrive\Dokumenter\3D Prog\Compulsory_2\Compulsory2_3D\Main.cpp(211,19): warning C4244: 'initializing': conversion from 'double' to 'float', possible loss of data
C:\Users\Nesli\OneDrive\Dokumenter\3D Prog\Compulsory_2\Compulsory2_3D\Main.cpp(212,19): warning C4244: 'initializing': conversion from 'double' to 'float', possible loss of data
C:\Users\Nesli\OneDrive\Dokumenter\3D Prog\Compulsory_2\Compulsory2_3D\Main.cpp(213,13): warning C4244: '=': conversion from 'double' to 'float', possible loss of data
C:\Users\Nesli\OneDrive\Dokumenter\3D Prog\Compulsory_2\Compulsory2_3D\Main.cpp(214,13): warning C4244: '=': conversion from 'double' to 'float', possible loss of data
C:\Users\Nesli\OneDrive\Dokumenter\3D Prog\Compulsory_2\Compulsory2_3D\Main.cpp(227,44): warning C4244: 'argument': conversion from 'double' to 'float', possible loss of data
  PhysicsControll.cpp
  Player.cpp
C:\Users\Nesli\OneDrive\Dokumenter\3D Prog\Compulsory_2\Compulsory2_3D\Player.cpp(28,46): warning C4267: 'argument': conversion from 'size_t' to 'GLsizei', possible loss of data
  Generating Code...
LINK : warning LNK4098: defaultlib 'MSVCRT' conflicts with use of other libs; use /NODEFAULTLIB:library
Cube.obj : error LNK2019: unresolved external symbol "void * __cdecl btAlignedAllocInternal(unsigned __int64,int)" (?btAlignedAllocInternal@@YAPEAX_KH@Z) referenced in function "public: static void * __cdecl btBoxShape::operator new(unsigned __int64)" (??2btBoxShape@@SAPEAX_K@Z)
PhysicsControll.obj : error LNK2001: unresolved external symbol "void * __cdecl btAlignedAllocInternal(unsigned __int64,int)" (?btAlignedAllocInternal@@YAPEAX_KH@Z)
Cube.obj : error LNK2019: unresolved external symbol "void __cdecl btAlignedFreeInternal(void *)" (?btAlignedFreeInternal@@YAXPEAX@Z) referenced in function "public: static void __cdecl btBoxShape::operator delete(void *)" (??3btBoxShape@@SAXPEAX@Z)
PhysicsControll.obj : error LNK2001: unresolved external symbol "void __cdecl btAlignedFreeInternal(void *)" (?btAlignedFreeInternal@@YAXPEAX@Z)
Cube.obj : error LNK2019: unresolved external symbol "public: __cdecl btCollisionDispatcher::btCollisionDispatcher(class btCollisionConfiguration *)" (??0btCollisionDispatcher@@QEAA@PEAVbtCollisionConfiguration@@@Z) referenced in function "public: __cdecl Cube::Cube(float,float,float,float,float,float,float,float,float)" (??0Cube@@QEAA@MMMMMMMMM@Z)
PhysicsControll.obj : error LNK2001: unresolved external symbol "public: __cdecl btCollisionDispatcher::btCollisionDispatcher(class btCollisionConfiguration *)" (??0btCollisionDispatcher@@QEAA@PEAVbtCollisionConfiguration@@@Z)
Cube.obj : error LNK2019: unresolved external symbol "public: __cdecl btBoxShape::btBoxShape(class btVector3 const &)" (??0btBoxShape@@QEAA@AEBVbtVector3@@@Z) referenced in function "public: __cdecl Cube::Cube(float,float,float,float,float,float,float,float,float)" (??0Cube@@QEAA@MMMMMMMMM@Z)
Cube.obj : error LNK2019: unresolved external symbol "public: __cdecl btDefaultCollisionConfiguration::btDefaultCollisionConfiguration(struct btDefaultCollisionConstructionInfo const &)" (??0btDefaultCollisionConfiguration@@QEAA@AEBUbtDefaultCollisionConstructionInfo@@@Z) referenced in function "public: __cdecl Cube::Cube(float,float,float,float,float,float,float,float,float)" (??0Cube@@QEAA@MMMMMMMMM@Z)
PhysicsControll.obj : error LNK2001: unresolved external symbol "public: __cdecl btDefaultCollisionConfiguration::btDefaultCollisionConfiguration(struct btDefaultCollisionConstructionInfo const &)" (??0btDefaultCollisionConfiguration@@QEAA@AEBUbtDefaultCollisionConstructionInfo@@@Z)
Cube.obj : error LNK2019: unresolved external symbol "public: __cdecl btDbvtBroadphase::btDbvtBroadphase(class btOverlappingPairCache *)" (??0btDbvtBroadphase@@QEAA@PEAVbtOverlappingPairCache@@@Z) referenced in function "public: __cdecl Cube::Cube(float,float,float,float,float,float,float,float,float)" (??0Cube@@QEAA@MMMMMMMMM@Z)
PhysicsControll.obj : error LNK2001: unresolved external symbol "public: __cdecl btDbvtBroadphase::btDbvtBroadphase(class btOverlappingPairCache *)" (??0btDbvtBroadphase@@QEAA@PEAVbtOverlappingPairCache@@@Z)
Cube.obj : error LNK2019: unresolved external symbol "public: __cdecl btDiscreteDynamicsWorld::btDiscreteDynamicsWorld(class btDispatcher *,class btBroadphaseInterface *,class btConstraintSolver *,class btCollisionConfiguration *)" (??0btDiscreteDynamicsWorld@@QEAA@PEAVbtDispatcher@@PEAVbtBroadphaseInterface@@PEAVbtConstraintSolver@@PEAVbtCollisionConfiguration@@@Z) referenced in function "public: __cdecl Cube::Cube(float,float,float,float,float,float,float,float,float)" (??0Cube@@QEAA@MMMMMMMMM@Z)
PhysicsControll.obj : error LNK2001: unresolved external symbol "public: __cdecl btDiscreteDynamicsWorld::btDiscreteDynamicsWorld(class btDispatcher *,class btBroadphaseInterface *,class btConstraintSolver *,class btCollisionConfiguration *)" (??0btDiscreteDynamicsWorld@@QEAA@PEAVbtDispatcher@@PEAVbtBroadphaseInterface@@PEAVbtConstraintSolver@@PEAVbtCollisionConfiguration@@@Z)
Cube.obj : error LNK2019: unresolved external symbol "public: __cdecl btRigidBody::btRigidBody(struct btRigidBody::btRigidBodyConstructionInfo const &)" (??0btRigidBody@@QEAA@AEBUbtRigidBodyConstructionInfo@0@@Z) referenced in function "public: __cdecl Cube::Cube(float,float,float,float,float,float,float,float,float)" (??0Cube@@QEAA@MMMMMMMMM@Z)
Cube.obj : error LNK2019: unresolved external symbol "public: __cdecl btSequentialImpulseConstraintSolver::btSequentialImpulseConstraintSolver(void)" (??0btSequentialImpulseConstraintSolver@@QEAA@XZ) referenced in function "public: __cdecl Cube::Cube(float,float,float,float,float,float,float,float,float)" (??0Cube@@QEAA@MMMMMMMMM@Z)
PhysicsControll.obj : error LNK2001: unresolved external symbol "public: __cdecl btSequentialImpulseConstraintSolver::btSequentialImpulseConstraintSolver(void)" (??0btSequentialImpulseConstraintSolver@@QEAA@XZ)
C:\Users\Nesli\OneDrive\Dokumenter\3D Prog\Compulsory_2\Compulsory2_3D\x64\Debug\Compulsory2_3D.exe : fatal error LNK1120: 9 unresolved externals
