c:\users\nesli\onedrive\dokumenter\3d prog\compulsory_2\compulsory2_3d\x64\debug\vc143.pdb
c:\users\nesli\onedrive\dokumenter\3d prog\compulsory_2\compulsory2_3d\x64\debug\vc143.idb
c:\users\nesli\onedrive\dokumenter\3d prog\compulsory_2\compulsory2_3d\x64\debug\shader.obj
c:\users\nesli\onedrive\dokumenter\3d prog\compulsory_2\compulsory2_3d\x64\debug\main.obj
c:\users\nesli\onedrive\dokumenter\3d prog\compulsory_2\compulsory2_3d\x64\debug\cube.obj
c:\users\nesli\onedrive\dokumenter\3d prog\compulsory_2\compulsory2_3d\x64\debug\camera.obj
c:\users\nesli\onedrive\dokumenter\3d prog\compulsory_2\compulsory2_3d\x64\debug\glad.obj
c:\users\nesli\onedrive\dokumenter\3d prog\compulsory_2\compulsory2_3d\x64\debug\plane.obj
c:\users\nesli\onedrive\dokumenter\3d prog\compulsory_2\compulsory2_3d\x64\debug\house.obj
c:\users\nesli\onedrive\dokumenter\3d prog\compulsory_2\compulsory2_3d\x64\debug\player.obj
c:\users\nesli\onedrive\dokumenter\3d prog\compulsory_2\compulsory2_3d\x64\debug\physicscontroll.obj
c:\users\nesli\onedrive\dokumenter\3d prog\compulsory_2\compulsory2_3d\x64\debug\compulsory2_3d.exe
c:\users\nesli\onedrive\dokumenter\3d prog\compulsory_2\compulsory2_3d\x64\debug\compulsory2_3d.ilk
c:\users\nesli\onedrive\dokumenter\3d prog\compulsory_2\compulsory2_3d\x64\debug\compulsory2_3d.pdb
c:\users\nesli\onedrive\dokumenter\3d prog\compulsory_2\compulsory2_3d\x64\debug\compulsory2_3d.tlog\cl.command.1.tlog
c:\users\nesli\onedrive\dokumenter\3d prog\compulsory_2\compulsory2_3d\x64\debug\compulsory2_3d.tlog\cl.items.tlog
c:\users\nesli\onedrive\dokumenter\3d prog\compulsory_2\compulsory2_3d\x64\debug\compulsory2_3d.tlog\cl.read.1.tlog
c:\users\nesli\onedrive\dokumenter\3d prog\compulsory_2\compulsory2_3d\x64\debug\compulsory2_3d.tlog\cl.write.1.tlog
c:\users\nesli\onedrive\dokumenter\3d prog\compulsory_2\compulsory2_3d\x64\debug\compulsory2_3d.tlog\link-cvtres.read.1.tlog
c:\users\nesli\onedrive\dokumenter\3d prog\compulsory_2\compulsory2_3d\x64\debug\compulsory2_3d.tlog\link-cvtres.write.1.tlog
c:\users\nesli\onedrive\dokumenter\3d prog\compulsory_2\compulsory2_3d\x64\debug\compulsory2_3d.tlog\link-rc.read.1.tlog
c:\users\nesli\onedrive\dokumenter\3d prog\compulsory_2\compulsory2_3d\x64\debug\compulsory2_3d.tlog\link-rc.write.1.tlog
c:\users\nesli\onedrive\dokumenter\3d prog\compulsory_2\compulsory2_3d\x64\debug\compulsory2_3d.tlog\link.43820-cvtres.read.1.tlog
c:\users\nesli\onedrive\dokumenter\3d prog\compulsory_2\compulsory2_3d\x64\debug\compulsory2_3d.tlog\link.43820-cvtres.write.1.tlog
c:\users\nesli\onedrive\dokumenter\3d prog\compulsory_2\compulsory2_3d\x64\debug\compulsory2_3d.tlog\link.43820-rc.read.1.tlog
c:\users\nesli\onedrive\dokumenter\3d prog\compulsory_2\compulsory2_3d\x64\debug\compulsory2_3d.tlog\link.43820-rc.write.1.tlog
c:\users\nesli\onedrive\dokumenter\3d prog\compulsory_2\compulsory2_3d\x64\debug\compulsory2_3d.tlog\link.43820.read.1.tlog
c:\users\nesli\onedrive\dokumenter\3d prog\compulsory_2\compulsory2_3d\x64\debug\compulsory2_3d.tlog\link.43820.read.2.tlog
c:\users\nesli\onedrive\dokumenter\3d prog\compulsory_2\compulsory2_3d\x64\debug\compulsory2_3d.tlog\link.43820.write.1.tlog
c:\users\nesli\onedrive\dokumenter\3d prog\compulsory_2\compulsory2_3d\x64\debug\compulsory2_3d.tlog\link.command.1.tlog
c:\users\nesli\onedrive\dokumenter\3d prog\compulsory_2\compulsory2_3d\x64\debug\compulsory2_3d.tlog\link.read.1.tlog
c:\users\nesli\onedrive\dokumenter\3d prog\compulsory_2\compulsory2_3d\x64\debug\compulsory2_3d.tlog\link.read.2.tlog
c:\users\nesli\onedrive\dokumenter\3d prog\compulsory_2\compulsory2_3d\x64\debug\compulsory2_3d.tlog\link.write.1.tlog
